# JRE version: OpenJDK Runtime Environment (11.0.12+7) (build 11.0.12+7-b1504.28-7817840)
# Java VM: OpenJDK 64-Bit Server VM (11.0.12+7-b1504.28-7817840, mixed mode, tiered, compressed oops, g1 gc, windows-amd64)
Heap:
 garbage-first heap   total 262144K, used 99318K [0x0000000080000000, 0x0000000100000000)
  region size 1024K, 75 young (76800K), 15 survivors (15360K)
 Metaspace       used 49157K, capacity 50291K, committed 50508K, reserved 1093632K
  class space    used 6265K, capacity 6685K, committed 6732K, reserved 1048576K
GC Heap History (14 events):
Event: 2.310 GC heap before
{Heap before GC invocations=0 (full 0):
 garbage-first heap   total 262144K, used 20480K [0x0000000080000000, 0x0000000100000000)
  region size 1024K, 14 young (14336K), 0 survivors (0K)
 Metaspace       used 6747K, capacity 6929K, committed 7168K, reserved 1056768K
  class space    used 582K, capacity 650K, committed 768K, reserved 1048576K
}
Event: 2.370 GC heap after
{Heap after GC invocations=1 (full 0):
 garbage-first heap   total 262144K, used 7881K [0x0000000080000000, 0x0000000100000000)
  region size 1024K, 2 young (2048K), 2 survivors (2048K)
 Metaspace       used 6747K, capacity 6929K, committed 7168K, reserved 1056768K
  class space    used 582K, capacity 650K, committed 768K, reserved 1048576K
}
Event: 5.942 GC heap before
{Heap before GC invocations=1 (full 0):
 garbage-first heap   total 262144K, used 46793K [0x0000000080000000, 0x0000000100000000)
  region size 1024K, 39 young (39936K), 2 survivors (2048K)
 Metaspace       used 10871K, capacity 11077K, committed 11264K, reserved 1058816K
  class space    used 1130K, capacity 1207K, committed 1280K, reserved 1048576K
}
Event: 5.947 GC heap after
{Heap after GC invocations=2 (full 0):
 garbage-first heap   total 262144K, used 11934K [0x0000000080000000, 0x0000000100000000)
  region size 1024K, 5 young (5120K), 5 survivors (5120K)
 Metaspace       used 10871K, capacity 11077K, committed 11264K, reserved 1058816K
  class space    used 1130K, capacity 1207K, committed 1280K, reserved 1048576K
}
Event: 11.320 GC heap before
{Heap before GC invocations=2 (full 0):
 garbage-first heap   total 262144K, used 52894K [0x0000000080000000, 0x0000000100000000)
  region size 1024K, 45 young (46080K), 5 survivors (5120K)
 Metaspace       used 17306K, capacity 17655K, committed 17792K, reserved 1064960K
  class space    used 2015K, capacity 2145K, committed 2176K, reserved 1048576K
}
Event: 11.331 GC heap after
{Heap after GC invocations=3 (full 0):
 garbage-first heap   total 262144K, used 15716K [0x0000000080000000, 0x0000000100000000)
  region size 1024K, 6 young (6144K), 6 survivors (6144K)
 Metaspace       used 17306K, capacity 17655K, committed 17792K, reserved 1064960K
  class space    used 2015K, capacity 2145K, committed 2176K, reserved 1048576K
}
Event: 12.305 GC heap before
{Heap before GC invocations=3 (full 0):
 garbage-first heap   total 262144K, used 47460K [0x0000000080000000, 0x0000000100000000)
  region size 1024K, 39 young (39936K), 6 survivors (6144K)
 Metaspace       used 20702K, capacity 21139K, committed 21248K, reserved 1067008K
  class space    used 2540K, capacity 2710K, committed 2816K, reserved 1048576K
}
Event: 12.317 GC heap after
{Heap after GC invocations=4 (full 0):
 garbage-first heap   total 262144K, used 17346K [0x0000000080000000, 0x0000000100000000)
  region size 1024K, 2 young (2048K), 2 survivors (2048K)
 Metaspace       used 20702K, capacity 21139K, committed 21248K, reserved 1067008K
  class space    used 2540K, capacity 2710K, committed 2816K, reserved 1048576K
}
Event: 14.788 GC heap before
{Heap before GC invocations=5 (full 0):
 garbage-first heap   total 262144K, used 71618K [0x0000000080000000, 0x0000000100000000)
  region size 1024K, 55 young (56320K), 2 survivors (2048K)
 Metaspace       used 26565K, capacity 27150K, committed 27264K, reserved 1073152K
  class space    used 3454K, capacity 3660K, committed 3712K, reserved 1048576K
}
Event: 14.801 GC heap after
{Heap after GC invocations=6 (full 0):
 garbage-first heap   total 262144K, used 19127K [0x0000000080000000, 0x0000000100000000)
  region size 1024K, 4 young (4096K), 4 survivors (4096K)
 Metaspace       used 26565K, capacity 27150K, committed 27264K, reserved 1073152K
  class space    used 3454K, capacity 3660K, committed 3712K, reserved 1048576K
}
Event: 17.761 GC heap before
{Heap before GC invocations=6 (full 0):
 garbage-first heap   total 262144K, used 78519K [0x0000000080000000, 0x0000000100000000)
  region size 1024K, 63 young (64512K), 4 survivors (4096K)
 Metaspace       used 35001K, capacity 35790K, committed 35840K, reserved 1081344K
  class space    used 4532K, capacity 4839K, committed 4864K, reserved 1048576K
}
Event: 17.780 GC heap after
{Heap after GC invocations=7 (full 0):
 garbage-first heap   total 262144K, used 22481K [0x0000000080000000, 0x0000000100000000)
  region size 1024K, 7 young (7168K), 7 survivors (7168K)
 Metaspace       used 35001K, capacity 35790K, committed 35840K, reserved 1081344K
  class space    used 4532K, capacity 4839K, committed 4864K, reserved 1048576K
}
Event: 27.933 GC heap before
{Heap before GC invocations=8 (full 0):
 garbage-first heap   total 262144K, used 175057K [0x0000000080000000, 0x0000000100000000)
  region size 1024K, 153 young (156672K), 7 survivors (7168K)
 Metaspace       used 47410K, capacity 48560K, committed 48844K, reserved 1091584K
  class space    used 6111K, capacity 6548K, committed 6604K, reserved 1048576K
}
Event: 27.963 GC heap after
{Heap after GC invocations=9 (full 0):
 garbage-first heap   total 262144K, used 30710K [0x0000000080000000, 0x0000000100000000)
  region size 1024K, 15 young (15360K), 15 survivors (15360K)
 Metaspace       used 47410K, capacity 48560K, committed 48844K, reserved 1091584K
  class space    used 6111K, capacity 6548K, committed 6604K, reserved 1048576K
}

